<?xml version="1.0" encoding="UTF-8"?>
<!-- Generated by org.testng.reporters.JUnitXMLReporter -->
<testsuite hostname="LTMX-41889" name="Test" tests="4" failures="4" timestamp="1 Feb 2019 22:05:02 GMT" time="0.114" errors="0">
  <testcase name="testFlightFinderOneWay" time="0.07" classname="mercuryTours.TestSite">
    <failure type="java.lang.IllegalStateException" message="The driver executable does not exist: C:\Users\41889\eclipse-workspace\selenium-practice\libs\Selenium-Drivers\chromedriver.exe">
      <![CDATA[java.lang.IllegalStateException: The driver executable does not exist: C:\Users\41889\eclipse-workspace\selenium-practice\libs\Selenium-Drivers\chromedriver.exe
	at com.google.common.base.Preconditions.checkState(Preconditions.java:585)
	at org.openqa.selenium.remote.service.DriverService.checkExecutable(DriverService.java:146)
	at org.openqa.selenium.remote.service.DriverService.findExecutable(DriverService.java:141)
	at org.openqa.selenium.chrome.ChromeDriverService.access$000(ChromeDriverService.java:35)
	at org.openqa.selenium.chrome.ChromeDriverService$Builder.findDefaultExecutable(ChromeDriverService.java:159)
	at org.openqa.selenium.remote.service.DriverService$Builder.build(DriverService.java:355)
	at org.openqa.selenium.chrome.ChromeDriverService.createDefaultService(ChromeDriverService.java:94)
	at org.openqa.selenium.chrome.ChromeDriver.<init>(ChromeDriver.java:123)
	at mercuryTours.CommonActions.register(CommonActions.java:15)
	at mercuryTours.TestFlightFinderOneWay.testPage(TestFlightFinderOneWay.java:16)
	at mercuryTours.TestSite.testFlightFinderOneWay(TestSite.java:24)
... Removed 23 stack frames]]>
    </failure>
  </testcase> <!-- testFlightFinderOneWay -->
  <testcase name="testFlightFinderRoundTrip" time="0.003" classname="mercuryTours.TestSite">
    <failure type="java.lang.IllegalStateException" message="The driver executable does not exist: C:\Users\41889\eclipse-workspace\selenium-practice\libs\Selenium-Drivers\chromedriver.exe">
      <![CDATA[java.lang.IllegalStateException: The driver executable does not exist: C:\Users\41889\eclipse-workspace\selenium-practice\libs\Selenium-Drivers\chromedriver.exe
	at com.google.common.base.Preconditions.checkState(Preconditions.java:585)
	at org.openqa.selenium.remote.service.DriverService.checkExecutable(DriverService.java:146)
	at org.openqa.selenium.remote.service.DriverService.findExecutable(DriverService.java:141)
	at org.openqa.selenium.chrome.ChromeDriverService.access$000(ChromeDriverService.java:35)
	at org.openqa.selenium.chrome.ChromeDriverService$Builder.findDefaultExecutable(ChromeDriverService.java:159)
	at org.openqa.selenium.remote.service.DriverService$Builder.build(DriverService.java:355)
	at org.openqa.selenium.chrome.ChromeDriverService.createDefaultService(ChromeDriverService.java:94)
	at org.openqa.selenium.chrome.ChromeDriver.<init>(ChromeDriver.java:123)
	at mercuryTours.CommonActions.register(CommonActions.java:15)
	at mercuryTours.TestFlightFinderRoundTrip.testPage(TestFlightFinderRoundTrip.java:17)
	at mercuryTours.TestSite.testFlightFinderRoundTrip(TestSite.java:19)
... Removed 23 stack frames]]>
    </failure>
  </testcase> <!-- testFlightFinderRoundTrip -->
  <testcase name="testRegister" time="0.003" classname="mercuryTours.TestSite">
    <failure type="java.lang.IllegalStateException" message="The driver executable does not exist: C:\Users\41889\eclipse-workspace\selenium-practice\libs\Selenium-Drivers\chromedriver.exe">
      <![CDATA[java.lang.IllegalStateException: The driver executable does not exist: C:\Users\41889\eclipse-workspace\selenium-practice\libs\Selenium-Drivers\chromedriver.exe
	at com.google.common.base.Preconditions.checkState(Preconditions.java:585)
	at org.openqa.selenium.remote.service.DriverService.checkExecutable(DriverService.java:146)
	at org.openqa.selenium.remote.service.DriverService.findExecutable(DriverService.java:141)
	at org.openqa.selenium.chrome.ChromeDriverService.access$000(ChromeDriverService.java:35)
	at org.openqa.selenium.chrome.ChromeDriverService$Builder.findDefaultExecutable(ChromeDriverService.java:159)
	at org.openqa.selenium.remote.service.DriverService$Builder.build(DriverService.java:355)
	at org.openqa.selenium.chrome.ChromeDriverService.createDefaultService(ChromeDriverService.java:94)
	at org.openqa.selenium.chrome.ChromeDriver.<init>(ChromeDriver.java:123)
	at mercuryTours.TestRegister.testPage(TestRegister.java:18)
	at mercuryTours.TestSite.testRegister(TestSite.java:9)
... Removed 23 stack frames]]>
    </failure>
  </testcase> <!-- testRegister -->
  <testcase name="testSignIn" time="0.003" classname="mercuryTours.TestSite">
    <failure type="java.lang.IllegalStateException" message="The driver executable does not exist: C:\Users\41889\eclipse-workspace\selenium-practice\libs\Selenium-Drivers\chromedriver.exe">
      <![CDATA[java.lang.IllegalStateException: The driver executable does not exist: C:\Users\41889\eclipse-workspace\selenium-practice\libs\Selenium-Drivers\chromedriver.exe
	at com.google.common.base.Preconditions.checkState(Preconditions.java:585)
	at org.openqa.selenium.remote.service.DriverService.checkExecutable(DriverService.java:146)
	at org.openqa.selenium.remote.service.DriverService.findExecutable(DriverService.java:141)
	at org.openqa.selenium.chrome.ChromeDriverService.access$000(ChromeDriverService.java:35)
	at org.openqa.selenium.chrome.ChromeDriverService$Builder.findDefaultExecutable(ChromeDriverService.java:159)
	at org.openqa.selenium.remote.service.DriverService$Builder.build(DriverService.java:355)
	at org.openqa.selenium.chrome.ChromeDriverService.createDefaultService(ChromeDriverService.java:94)
	at org.openqa.selenium.chrome.ChromeDriver.<init>(ChromeDriver.java:123)
	at mercuryTours.CommonActions.register(CommonActions.java:15)
	at mercuryTours.TestSignIn.testPage(TestSignIn.java:13)
	at mercuryTours.TestSite.testSignIn(TestSite.java:14)
... Removed 23 stack frames]]>
    </failure>
  </testcase> <!-- testSignIn -->
</testsuite> <!-- Test -->
